<?xml version="1.0" encoding="UTF-8"?>
<!-- Generated by org.testng.reporters.JUnitReportReporter -->
<testsuite hostname="DESKTOP-OECPI9S" failures="0" tests="1" name="genericutility.BaseClass" time="3.185" errors="0" timestamp="2024-05-31T09:19:25 IST" skipped="0">
  <testcase classname="genericutility.BaseClass" name="clicl" time="3.185"/>
  <system-out/>
</testsuite> <!-- genericutility.BaseClass -->
