<?xml version="1.0" encoding="UTF-8"?>
<!-- Generated by org.testng.reporters.JUnitReportReporter -->
<testsuite hostname="DESKTOP-OECPI9S" failures="0" tests="1" name="login.Demo" time="7.931" errors="0" timestamp="2024-06-03T00:41:06 IST" skipped="0">
  <testcase classname="login.Demo" name="test" time="7.931"/>
  <system-out/>
</testsuite> <!-- login.Demo -->
