<?xml version="1.0" encoding="UTF-8"?>
<!-- Generated by org.testng.reporters.JUnitReportReporter -->
<testsuite hostname="DESKTOP-OECPI9S" failures="0" tests="1" name="genericutility.ExcelUtility" time="0.697" errors="0" timestamp="2024-05-30T08:50:00 IST" skipped="0">
  <testcase classname="genericutility.ExcelUtility" name="getDataFromExcel" time="0.697"/>
  <system-out/>
</testsuite> <!-- genericutility.ExcelUtility -->
