<?xml version="1.0" encoding="UTF-8"?>
<!-- Generated by org.testng.reporters.JUnitReportReporter -->
<testsuite hostname="DESKTOP-OECPI9S" failures="0" tests="1" name="login.Demo1" time="0.793" errors="0" timestamp="2024-05-31T08:37:55 IST" skipped="0">
  <testcase classname="login.Demo1" name="test" time="0.793"/>
  <system-out/>
</testsuite> <!-- login.Demo1 -->
