<?xml version="1.0" encoding="UTF-8"?>
<!-- Generated by org.testng.reporters.JUnitReportReporter -->
<testsuite hostname="DESKTOP-OECPI9S" failures="0" tests="1" name="login.locldatetime" time="0.042" errors="0" timestamp="2024-06-03T00:41:35 IST" skipped="0">
  <testcase classname="login.locldatetime" name="timeprint" time="0.042"/>
  <system-out>
Local date and time2024-06-03T00-41-34.917390500  </system-out>
</testsuite> <!-- login.locldatetime -->
